<?xml version="1.0" encoding="UTF-8"?>
<testng-results skipped="0" failed="0" ignored="0" total="4" passed="4">
  <reporter-output>
  </reporter-output>
  <suite name="Default suite" duration-ms="78" started-at="2017-12-20T17:10:09Z" finished-at="2017-12-20T17:10:09Z">
    <groups>
    </groups>
    <test name="Default test" duration-ms="78" started-at="2017-12-20T17:10:09Z" finished-at="2017-12-20T17:10:09Z">
      <class name="learnTestNG.LearnPriority">
        <test-method status="PASS" signature="test3()[pri:1, instance:learnTestNG.LearnPriority@167c1fc]" name="test3" duration-ms="15" started-at="2017-12-20T22:40:09Z" finished-at="2017-12-20T22:40:09Z">
          <reporter-output>
          </reporter-output>
        </test-method> <!-- test3 -->
        <test-method status="PASS" signature="test4()[pri:2, instance:learnTestNG.LearnPriority@167c1fc]" name="test4" duration-ms="3" started-at="2017-12-20T22:40:09Z" finished-at="2017-12-20T22:40:09Z">
          <reporter-output>
          </reporter-output>
        </test-method> <!-- test4 -->
        <test-method status="PASS" signature="test1()[pri:3, instance:learnTestNG.LearnPriority@167c1fc]" name="test1" duration-ms="3" started-at="2017-12-20T22:40:09Z" finished-at="2017-12-20T22:40:09Z">
          <reporter-output>
          </reporter-output>
        </test-method> <!-- test1 -->
        <test-method status="PASS" signature="test2()[pri:4, instance:learnTestNG.LearnPriority@167c1fc]" name="test2" duration-ms="2" started-at="2017-12-20T22:40:09Z" finished-at="2017-12-20T22:40:09Z">
          <reporter-output>
          </reporter-output>
        </test-method> <!-- test2 -->
      </class> <!-- learnTestNG.LearnPriority -->
    </test> <!-- Default test -->
  </suite> <!-- Default suite -->
</testng-results>
